<?xml version="1.0" encoding="UTF-8"?>
<!-- Generated by org.testng.reporters.JUnitXMLReporter -->
<testsuite ignored="0" hostname="Avenger" failures="0" tests="3" name="Mobile Page Test" time="65.342" errors="0" timestamp="2023-05-09T13:23:51 GMT-05:00">
  <testcase classname="TechPanda.MobilePage" name="checkCompare" time="0.0">
    <skipped/>
  </testcase> <!-- checkCompare -->
  <testcase classname="TechPanda.MobilePage" name="checkSorted" time="0.0">
    <skipped/>
  </testcase> <!-- checkSorted -->
  <testcase classname="TechPanda.MobilePage" name="verifyPrice" time="0.0">
    <skipped/>
  </testcase> <!-- verifyPrice -->
</testsuite> <!-- Mobile Page Test -->
