<?xml version="1.0" encoding="UTF-8"?>
<!-- Generated by org.testng.reporters.JUnitXMLReporter -->
<testsuite ignored="0" hostname="Avenger" failures="0" tests="3" name="Test" time="34.869" errors="0" timestamp="2023-05-09T09:35:10 GMT-05:00">
  <testcase classname="TechPanda.AccountPage" name="createAccount" time="7.587"/>
  <testcase classname="TechPanda.AccountPage" name="loginAccount" time="6.38"/>
  <testcase classname="TechPanda.AccountPage" name="verifyOrderPlaced" time="1.888"/>
</testsuite> <!-- Test -->
