<?xml version="1.0" encoding="UTF-8"?>
<!-- Generated by org.testng.reporters.JUnitXMLReporter -->
<testsuite ignored="2" hostname="Avenger" failures="1" tests="1" name="Test" time="7.116" errors="0" timestamp="2023-05-09T08:59:09 GMT-05:00">
  <testcase classname="TechPanda.MobilePage" name="checkSorted" time="0.004">
    <failure type="java.lang.Error" message="Unresolved compilation problem: 
	The method screenShot(String, WebDriver) is undefined for the type MobilePagePOM
">
      <![CDATA[java.lang.Error: Unresolved compilation problem: 
The method screenShot(String, WebDriver) is undefined for the type MobilePagePOM

at TechPanda.MobilePage.checkSorted(MobilePage.java:38)
at java.base/java.util.ArrayList.forEach(ArrayList.java:1511)
... Removed 27 stack frames]]>
    </failure>
  </testcase> <!-- checkSorted -->
  <testcase classname="TechPanda.MobilePage" name="checkCompare" time="0.0">
    <ignored/>
  </testcase> <!-- checkCompare -->
  <testcase classname="TechPanda.MobilePage" name="verifyPrice" time="0.0">
    <ignored/>
  </testcase> <!-- verifyPrice -->
</testsuite> <!-- Test -->
