<?xml version="1.0" encoding="UTF-8"?>
<!-- Generated by org.testng.reporters.JUnitXMLReporter -->
<testsuite ignored="0" hostname="Avenger" failures="0" tests="3" name="Test" time="36.941" errors="0" timestamp="2023-05-06T10:10:33 GMT-05:00">
  <testcase classname="TechPanda.AccountPage" name="createAccount" time="8.708"/>
  <testcase classname="TechPanda.AccountPage" name="loginAccount" time="7.295"/>
  <testcase classname="TechPanda.AccountPage" name="verifyOrderPlaced" time="2.149"/>
</testsuite> <!-- Test -->
