<?xml version="1.0" encoding="UTF-8"?>
<!-- Generated by org.testng.reporters.JUnitXMLReporter -->
<testsuite ignored="0" hostname="Avenger" failures="0" tests="3" name="Account Page Test" time="48.292" errors="0" timestamp="2023-05-09T17:37:11 GMT-05:00">
  <testcase classname="TechPanda.AccountPage" name="createAccount" time="12.29"/>
  <testcase classname="TechPanda.AccountPage" name="loginAccount" time="9.246"/>
  <testcase classname="TechPanda.AccountPage" name="verifyOrderPlaced" time="2.115"/>
</testsuite> <!-- Account Page Test -->
