<?xml version="1.0" encoding="UTF-8"?>
<!-- Generated by org.testng.reporters.JUnitXMLReporter -->
<testsuite ignored="0" hostname="Avenger" failures="0" tests="3" name="Mobile Page Test" time="39.714" errors="0" timestamp="2023-05-09T17:37:03 GMT-05:00">
  <testcase classname="TechPanda.MobilePage" name="checkCompare" time="7.008"/>
  <testcase classname="TechPanda.MobilePage" name="checkSorted" time="5.558"/>
  <testcase classname="TechPanda.MobilePage" name="verifyPrice" time="1.985"/>
</testsuite> <!-- Mobile Page Test -->
